2026-01-21 01:37:14,218 | INFO | Received command c on object id p0
2026-01-21 01:37:14,251 | INFO | Run started.
2026-01-21 01:37:14,252 | INFO | Cluster ID: unknown
2026-01-21 01:37:14,253 | INFO | Databricks Runtime Version: client.4.8
2026-01-21 01:37:14,254 | INFO | Configuration values: {'log_filename': 'logs/run_20260121_0136.log', 'log_format': '%(asctime)s | %(levelname)s | %(message)s', 'log_level': 'INFO'}
2026-01-21 01:37:58,632 | INFO | Received command c on object id p0
2026-01-21 01:38:12,993 | INFO | Received command c on object id p0
2026-01-21 01:39:00,688 | INFO | Received command c on object id p0
2026-01-21 01:39:00,746 | INFO | Saved SHA-256 hashes to data_hashes.json.
2026-01-21 01:40:00,391 | INFO | Received command c on object id p0
2026-01-21 01:40:43,479 | INFO | Received command c on object id p0
2026-01-21 01:41:21,962 | INFO | Received command c on object id p0
2026-01-21 01:49:55,592 | INFO | Python Server ready to receive messages
2026-01-21 01:49:55,594 | INFO | Received command c on object id p0
2026-01-21 01:50:41,974 | INFO | Received command c on object id p0
2026-01-21 01:50:42,552 | INFO | Received command c on object id p0
2026-01-21 01:50:42,562 | INFO | Run started.
2026-01-21 01:50:42,564 | INFO | Cluster ID: unknown
2026-01-21 01:50:42,565 | INFO | Databricks Runtime Version: client.4.8
2026-01-21 01:50:42,565 | INFO | Configuration values: {'log_filename': 'logs/run_20260121_0150.log', 'log_format': '%(asctime)s | %(levelname)s | %(message)s', 'log_level': 'INFO'}
2026-01-21 01:50:42,735 | INFO | Received command c on object id p0
2026-01-21 01:50:42,959 | INFO | Received command c on object id p0
2026-01-21 01:50:43,687 | INFO | Received command c on object id p0
2026-01-21 01:50:45,441 | INFO | SHA-256 for data/menu_items.csv: 7b988ca5f880bf2106793f88de522aab06b4cebbc9219c5aa79497e897c47561
2026-01-21 01:50:45,561 | INFO | SHA-256 for data/order_details.csv: 85086e838a21f7569b0cd803224f50440ab68c132e1df5df1a1058072abbcd83
2026-01-21 01:50:45,564 | INFO | Saved SHA-256 hashes to data_hashes.json.
2026-01-21 01:50:45,834 | INFO | Received command c on object id p0
2026-01-21 01:50:46,036 | INFO | Received command c on object id p0
2026-01-21 01:52:39,910 | INFO | Python Server ready to receive messages
2026-01-21 01:52:39,918 | INFO | Received command c on object id p0
2026-01-21 01:53:34,321 | INFO | Received command c on object id p0
2026-01-21 01:54:34,037 | INFO | Received command c on object id p0
2026-01-21 01:54:51,093 | INFO | Received command c on object id p0
2026-01-21 01:54:55,844 | INFO | Received command c on object id p0
2026-01-21 01:57:03,920 | INFO | Python Server ready to receive messages
2026-01-21 01:57:03,921 | INFO | Received command c on object id p0
2026-01-21 01:57:04,321 | INFO | Received command c on object id p0
2026-01-21 01:57:04,330 | INFO | Run started.
2026-01-21 01:57:04,331 | INFO | Cluster ID: unknown
2026-01-21 01:57:04,332 | INFO | Databricks Runtime Version: client.4.8
2026-01-21 01:57:04,333 | INFO | Configuration values: {'log_filename': 'logs/run_20260121_0157.log', 'log_format': '%(asctime)s | %(levelname)s | %(message)s', 'log_level': 'INFO'}
2026-01-21 01:57:04,467 | INFO | Received command c on object id p0
2026-01-21 01:57:04,680 | INFO | Received command c on object id p0
2026-01-21 01:57:05,478 | INFO | Received command c on object id p0
2026-01-21 01:57:05,784 | INFO | SHA-256 for data/menu_items.csv: 7b988ca5f880bf2106793f88de522aab06b4cebbc9219c5aa79497e897c47561
2026-01-21 01:57:05,873 | INFO | SHA-256 for data/order_details.csv: 85086e838a21f7569b0cd803224f50440ab68c132e1df5df1a1058072abbcd83
2026-01-21 01:57:05,918 | INFO | Saved SHA-256 hashes to data_hashes.json.
2026-01-21 01:57:06,047 | INFO | Received command c on object id p0
2026-01-21 01:57:06,296 | INFO | Received command c on object id p0
2026-01-21 01:57:06,486 | INFO | Received command c on object id p0
2026-01-21 01:57:43,767 | INFO | Received command c on object id p0
2026-01-21 01:57:43,839 | INFO | SHA-256 for data/menu_items.csv: 7b988ca5f880bf2106793f88de522aab06b4cebbc9219c5aa79497e897c47561
2026-01-21 01:57:43,842 | INFO | SHA-256 for data/order_details.csv: 85086e838a21f7569b0cd803224f50440ab68c132e1df5df1a1058072abbcd83
2026-01-21 01:57:43,885 | INFO | Saved SHA-256 hashes to data_hashes.json.
2026-01-21 01:57:43,887 | INFO | Loaded dataframes: ['menu_items.csv', 'order_details.csv']
2026-01-21 02:00:15,375 | INFO | Python Server ready to receive messages
2026-01-21 02:00:15,376 | INFO | Received command c on object id p0
2026-01-21 02:00:15,399 | INFO | Joined DataFrame shape: (12234, 9)
2026-01-21 02:02:29,735 | INFO | Python Server ready to receive messages
2026-01-21 02:02:29,736 | INFO | Received command c on object id p0
2026-01-21 02:04:57,398 | INFO | Python Server ready to receive messages
2026-01-21 02:04:57,399 | INFO | Received command c on object id p0
2026-01-21 02:05:51,948 | INFO | Received command c on object id p0
2026-01-21 02:06:09,728 | INFO | Received command c on object id p0
2026-01-21 02:07:01,687 | INFO | Received command c on object id p0
2026-01-21 02:07:01,738 | INFO | Tidy DataFrame shape: (12234, 7)
2026-01-21 02:08:31,317 | INFO | Python Server ready to receive messages
2026-01-21 02:08:31,329 | INFO | Received command c on object id p0
2026-01-21 02:08:31,339 | INFO | Computing metrics
2026-01-21 02:08:31,348 | INFO | Metrics computed
2026-01-21 02:13:22,374 | INFO | Python Server ready to receive messages
2026-01-21 02:13:22,375 | INFO | Received command c on object id p0
2026-01-21 02:15:41,052 | INFO | Python Server ready to receive messages
2026-01-21 02:15:41,057 | INFO | Received command c on object id p0
2026-01-21 02:15:41,071 | INFO | Combined metrics DataFrame shape: (23, 7)
2026-01-21 02:16:50,844 | INFO | Python Server ready to receive messages
2026-01-21 02:16:50,848 | INFO | Received command c on object id p0
2026-01-21 02:16:50,866 | INFO | Combined metrics DataFrame shape: (23, 7)
2026-01-21 02:16:50,872 | WARNING | Could not write to DBFS: [Errno 5] Input/output error: '/dbfs/FileStore'. Skipping DBFS save.
2026-01-21 02:16:51,114 | INFO | Saved metrics to repo path: etl_output/metrics_20260121_0216.csv
2026-01-21 02:19:18,394 | INFO | Python Server ready to receive messages
2026-01-21 02:19:18,395 | INFO | Received command c on object id p0
2026-01-21 02:19:18,407 | INFO | Combined metrics DataFrame shape: (23, 7)
2026-01-21 02:19:18,535 | INFO | Saved metrics to repo path: etl_output/metrics_20260121_0219.csv
2026-01-21 02:20:06,262 | INFO | Received command c on object id p0
2026-01-21 02:20:06,274 | INFO | Running assert tests
2026-01-21 02:20:06,275 | INFO | All assert tests passed ✔️
